0 info it worked if it ends with ok
1 verbose cli [ '/usr/bin/node', '/usr/local/bin/npm', 'start' ]
2 info using npm@6.14.8
3 info using node@v8.10.0
4 verbose stack Error: missing script: start
4 verbose stack     at run (/usr/local/lib/node_modules/npm/lib/run-script.js:155:19)
4 verbose stack     at /usr/local/lib/node_modules/npm/lib/run-script.js:63:5
4 verbose stack     at /usr/local/lib/node_modules/npm/node_modules/read-package-json/read-json.js:116:5
4 verbose stack     at /usr/local/lib/node_modules/npm/node_modules/read-package-json/read-json.js:436:5
4 verbose stack     at checkBinReferences_ (/usr/local/lib/node_modules/npm/node_modules/read-package-json/read-json.js:391:45)
4 verbose stack     at final (/usr/local/lib/node_modules/npm/node_modules/read-package-json/read-json.js:434:3)
4 verbose stack     at then (/usr/local/lib/node_modules/npm/node_modules/read-package-json/read-json.js:161:5)
4 verbose stack     at /usr/local/lib/node_modules/npm/node_modules/read-package-json/read-json.js:382:12
4 verbose stack     at /usr/local/lib/node_modules/npm/node_modules/graceful-fs/graceful-fs.js:123:16
4 verbose stack     at FSReqWrap.readFileAfterClose [as oncomplete] (fs.js:511:3)
5 verbose cwd /home/azureuser/2020_10_01_simple_server_db_azure/src
6 verbose Linux 5.4.0-1031-azure
7 verbose argv "/usr/bin/node" "/usr/local/bin/npm" "start"
8 verbose node v8.10.0
9 verbose npm  v6.14.8
10 error missing script: start
11 verbose exit [ 1, true ]
